2026-01-20 11:36:12 - __main__ - INFO - Logging to file: logs/pretrain_multi_corpus_disease_20260120_113610.log
2026-01-20 11:36:12 - __main__ - INFO - Using GPU 5: NVIDIA GeForce RTX 3090
2026-01-20 11:36:12 - __main__ - INFO - Loading dataset...
2026-01-20 11:36:14 - __main__ - INFO - Collected 2494 audio files from: /mnt/lv3/sunqi/EWA-DB
2026-01-20 11:36:14 - __main__ - INFO - Collected 508 audio files from: /mnt/lv2/data/ad/PD-TUFH/audio
2026-01-20 11:36:21 - __main__ - INFO - Collected 10190 audio files from: /mnt/lv2/data/ser/IEMOCAP
2026-01-20 11:36:22 - __main__ - INFO - Collected 4575 audio files from: /mnt/lv2/data/ad/ADReSS
2026-01-20 11:36:22 - __main__ - INFO - Collected 1102 audio files from: /mnt/lv2/data/ad/Androids-Corpus
2026-01-20 11:36:22 - __main__ - INFO - Collected 4139 audio files from: /mnt/lv2/data/ad/NCMMSC2021_AD
2026-01-20 11:36:22 - __main__ - INFO - Found 23008 audio files for pretraining in total
2026-01-20 11:36:22 - __main__ - INFO - Initializing WavLM model...
2026-01-20 11:36:27 - __main__ - INFO - Using GPU-accelerated disease frame masking (threshold=75.0th percentile)
2026-01-20 11:36:28 - __main__ - INFO - Starting pretraining...
2026-01-20 11:36:28 - __main__ - INFO - Total batches per epoch: 719
2026-01-20 11:36:28 - __main__ - INFO - Loss history will be saved to: checkpoints_pretrain_multi_corpus_disease/pretrain_loss_history.csv
2026-01-20 11:36:35 - __main__ - INFO - Unique codes in this batch: 320
2026-01-20 11:37:08 - __main__ - INFO - Epoch 1 | Batch 10/719 (1.4%) | Loss: 5.7523
2026-01-20 11:37:46 - __main__ - INFO - Epoch 1 | Batch 20/719 (2.8%) | Loss: 5.7047
2026-01-20 11:38:17 - __main__ - INFO - Epoch 1 | Batch 30/719 (4.2%) | Loss: 5.7024
2026-01-20 11:38:44 - __main__ - INFO - Epoch 1 | Batch 40/719 (5.6%) | Loss: 5.7093
2026-01-20 11:39:12 - __main__ - INFO - Epoch 1 | Batch 50/719 (7.0%) | Loss: 5.7120
2026-01-20 11:39:36 - __main__ - INFO - Epoch 1 | Batch 60/719 (8.3%) | Loss: 5.7004
2026-01-20 11:40:07 - __main__ - INFO - Epoch 1 | Batch 70/719 (9.7%) | Loss: 5.7181
2026-01-20 11:40:43 - __main__ - INFO - Epoch 1 | Batch 80/719 (11.1%) | Loss: 5.6970
2026-01-20 11:41:16 - __main__ - INFO - Epoch 1 | Batch 90/719 (12.5%) | Loss: 5.7058
2026-01-20 11:41:50 - __main__ - INFO - Epoch 1 | Batch 100/719 (13.9%) | Loss: 5.7020
2026-01-20 11:41:53 - __main__ - INFO - Unique codes in this batch: 320
2026-01-20 11:42:20 - __main__ - INFO - Epoch 1 | Batch 110/719 (15.3%) | Loss: 5.6930
2026-01-20 11:42:45 - __main__ - INFO - Epoch 1 | Batch 120/719 (16.7%) | Loss: 5.7096
2026-01-20 11:43:13 - __main__ - INFO - Epoch 1 | Batch 130/719 (18.1%) | Loss: 5.6954
2026-01-20 11:43:43 - __main__ - INFO - Epoch 1 | Batch 140/719 (19.5%) | Loss: 5.7009
2026-01-20 11:44:15 - __main__ - INFO - Epoch 1 | Batch 150/719 (20.9%) | Loss: 5.7110
2026-01-20 11:44:51 - __main__ - INFO - Epoch 1 | Batch 160/719 (22.3%) | Loss: 5.6799
2026-01-20 11:45:27 - __main__ - INFO - Epoch 1 | Batch 170/719 (23.6%) | Loss: 5.6953
2026-01-20 11:45:59 - __main__ - INFO - Epoch 1 | Batch 180/719 (25.0%) | Loss: 5.6928
2026-01-20 11:46:35 - __main__ - INFO - Epoch 1 | Batch 190/719 (26.4%) | Loss: 5.6944
2026-01-20 11:47:02 - __main__ - INFO - Epoch 1 | Batch 200/719 (27.8%) | Loss: 5.7109
2026-01-20 11:47:08 - __main__ - INFO - Unique codes in this batch: 320
2026-01-20 11:47:30 - __main__ - INFO - Epoch 1 | Batch 210/719 (29.2%) | Loss: 5.7138
2026-01-20 11:47:57 - __main__ - INFO - Epoch 1 | Batch 220/719 (30.6%) | Loss: 5.6762
2026-01-20 11:48:21 - __main__ - INFO - Epoch 1 | Batch 230/719 (32.0%) | Loss: 5.6918
2026-01-20 11:48:48 - __main__ - INFO - Epoch 1 | Batch 240/719 (33.4%) | Loss: 5.6861
2026-01-20 11:49:24 - __main__ - INFO - Epoch 1 | Batch 250/719 (34.8%) | Loss: 5.6775
2026-01-20 11:49:58 - __main__ - INFO - Epoch 1 | Batch 260/719 (36.2%) | Loss: 5.6974
2026-01-20 11:50:47 - __main__ - INFO - Epoch 1 | Batch 270/719 (37.6%) | Loss: 5.6782
2026-01-20 11:51:42 - __main__ - INFO - Epoch 1 | Batch 280/719 (38.9%) | Loss: 5.6807
2026-01-20 11:52:30 - __main__ - INFO - Epoch 1 | Batch 290/719 (40.3%) | Loss: 5.6929
2026-01-20 11:53:26 - __main__ - INFO - Epoch 1 | Batch 300/719 (41.7%) | Loss: 5.6861
2026-01-20 11:53:30 - __main__ - INFO - Unique codes in this batch: 320
2026-01-20 11:54:10 - __main__ - INFO - Epoch 1 | Batch 310/719 (43.1%) | Loss: 5.6773
2026-01-20 11:55:11 - __main__ - INFO - Epoch 1 | Batch 320/719 (44.5%) | Loss: 5.6740
2026-01-20 11:56:06 - __main__ - INFO - Epoch 1 | Batch 330/719 (45.9%) | Loss: 5.6795
2026-01-20 11:56:54 - __main__ - INFO - Epoch 1 | Batch 340/719 (47.3%) | Loss: 5.6778
2026-01-20 11:57:48 - __main__ - INFO - Epoch 1 | Batch 350/719 (48.7%) | Loss: 5.6907
2026-01-20 11:58:50 - __main__ - INFO - Epoch 1 | Batch 360/719 (50.1%) | Loss: 5.6974
2026-01-20 11:59:46 - __main__ - INFO - Epoch 1 | Batch 370/719 (51.5%) | Loss: 5.6794
2026-01-20 12:00:50 - __main__ - INFO - Epoch 1 | Batch 380/719 (52.9%) | Loss: 5.6915
2026-01-20 12:01:43 - __main__ - INFO - Epoch 1 | Batch 390/719 (54.2%) | Loss: 5.6807
2026-01-20 12:02:43 - __main__ - INFO - Epoch 1 | Batch 400/719 (55.6%) | Loss: 5.6731
2026-01-20 12:02:46 - __main__ - INFO - Unique codes in this batch: 320
2026-01-20 12:03:30 - __main__ - INFO - Epoch 1 | Batch 410/719 (57.0%) | Loss: 5.6723
2026-01-20 12:04:19 - __main__ - INFO - Epoch 1 | Batch 420/719 (58.4%) | Loss: 5.6714
2026-01-20 12:05:10 - __main__ - INFO - Epoch 1 | Batch 430/719 (59.8%) | Loss: 5.6793
2026-01-20 12:06:07 - __main__ - INFO - Epoch 1 | Batch 440/719 (61.2%) | Loss: 5.6732
2026-01-20 12:07:02 - __main__ - INFO - Epoch 1 | Batch 450/719 (62.6%) | Loss: 5.6689
2026-01-20 12:08:01 - __main__ - INFO - Epoch 1 | Batch 460/719 (64.0%) | Loss: 5.6671
2026-01-20 12:09:01 - __main__ - INFO - Epoch 1 | Batch 470/719 (65.4%) | Loss: 5.6801
2026-01-20 12:09:50 - __main__ - INFO - Epoch 1 | Batch 480/719 (66.8%) | Loss: 5.6773
2026-01-20 12:10:47 - __main__ - INFO - Epoch 1 | Batch 490/719 (68.2%) | Loss: 5.6839
2026-01-20 12:11:41 - __main__ - INFO - Epoch 1 | Batch 500/719 (69.5%) | Loss: 5.6546
2026-01-20 12:11:50 - __main__ - INFO - Unique codes in this batch: 320
2026-01-20 12:12:48 - __main__ - INFO - Epoch 1 | Batch 510/719 (70.9%) | Loss: 5.6604
2026-01-20 12:13:48 - __main__ - INFO - Epoch 1 | Batch 520/719 (72.3%) | Loss: 5.6691
2026-01-20 12:14:42 - __main__ - INFO - Epoch 1 | Batch 530/719 (73.7%) | Loss: 5.6582
2026-01-20 12:15:36 - __main__ - INFO - Epoch 1 | Batch 540/719 (75.1%) | Loss: 5.6861
2026-01-20 12:16:25 - __main__ - INFO - Epoch 1 | Batch 550/719 (76.5%) | Loss: 5.6758
2026-01-20 12:17:05 - __main__ - INFO - Epoch 1 | Batch 560/719 (77.9%) | Loss: 5.6792
2026-01-20 12:17:32 - __main__ - INFO - Epoch 1 | Batch 570/719 (79.3%) | Loss: 5.6709
2026-01-20 12:18:00 - __main__ - INFO - Epoch 1 | Batch 580/719 (80.7%) | Loss: 5.6857
2026-01-20 12:18:51 - __main__ - INFO - Epoch 1 | Batch 590/719 (82.1%) | Loss: 5.6549
2026-01-20 12:19:44 - __main__ - INFO - Epoch 1 | Batch 600/719 (83.4%) | Loss: 5.6601
2026-01-20 12:19:50 - __main__ - INFO - Unique codes in this batch: 320
2026-01-20 12:20:35 - __main__ - INFO - Epoch 1 | Batch 610/719 (84.8%) | Loss: 5.6578
2026-01-20 12:21:20 - __main__ - INFO - Epoch 1 | Batch 620/719 (86.2%) | Loss: 5.6500
2026-01-20 12:22:17 - __main__ - INFO - Epoch 1 | Batch 630/719 (87.6%) | Loss: 5.6515
2026-01-20 12:23:08 - __main__ - INFO - Epoch 1 | Batch 640/719 (89.0%) | Loss: 5.6651
2026-01-20 12:24:04 - __main__ - INFO - Epoch 1 | Batch 650/719 (90.4%) | Loss: 5.6686
2026-01-20 12:24:56 - __main__ - INFO - Epoch 1 | Batch 660/719 (91.8%) | Loss: 5.6642
2026-01-20 12:25:46 - __main__ - INFO - Epoch 1 | Batch 670/719 (93.2%) | Loss: 5.6516
2026-01-20 12:26:38 - __main__ - INFO - Epoch 1 | Batch 680/719 (94.6%) | Loss: 5.6575
2026-01-20 12:27:31 - __main__ - INFO - Epoch 1 | Batch 690/719 (96.0%) | Loss: 5.6501
2026-01-20 12:28:35 - __main__ - INFO - Epoch 1 | Batch 700/719 (97.4%) | Loss: 5.6590
2026-01-20 12:28:40 - __main__ - INFO - Unique codes in this batch: 320
2026-01-20 12:29:25 - __main__ - INFO - Epoch 1 | Batch 710/719 (98.7%) | Loss: 5.6422
2026-01-20 12:30:11 - __main__ - INFO - Epoch 1 Summary | Avg Loss: 5.6820
2026-01-20 12:30:15 - __main__ - INFO - Unique codes in this batch: 320
2026-01-20 12:30:56 - __main__ - INFO - Epoch 2 | Batch 10/719 (1.4%) | Loss: 5.6655
2026-01-20 12:31:44 - __main__ - INFO - Epoch 2 | Batch 20/719 (2.8%) | Loss: 5.6510
2026-01-20 12:32:28 - __main__ - INFO - Epoch 2 | Batch 30/719 (4.2%) | Loss: 5.6685
2026-01-20 12:33:14 - __main__ - INFO - Epoch 2 | Batch 40/719 (5.6%) | Loss: 5.6556
2026-01-20 12:34:11 - __main__ - INFO - Epoch 2 | Batch 50/719 (7.0%) | Loss: 5.6628
2026-01-20 12:35:00 - __main__ - INFO - Epoch 2 | Batch 60/719 (8.3%) | Loss: 5.6502
2026-01-20 12:35:55 - __main__ - INFO - Epoch 2 | Batch 70/719 (9.7%) | Loss: 5.6522
2026-01-20 12:36:34 - __main__ - INFO - Epoch 2 | Batch 80/719 (11.1%) | Loss: 5.6609
2026-01-20 12:37:11 - __main__ - INFO - Epoch 2 | Batch 90/719 (12.5%) | Loss: 5.6474
2026-01-20 12:37:41 - __main__ - INFO - Epoch 2 | Batch 100/719 (13.9%) | Loss: 5.6418
2026-01-20 12:37:44 - __main__ - INFO - Unique codes in this batch: 320
2026-01-20 12:38:16 - __main__ - INFO - Epoch 2 | Batch 110/719 (15.3%) | Loss: 5.6527
2026-01-20 12:38:49 - __main__ - INFO - Epoch 2 | Batch 120/719 (16.7%) | Loss: 5.6427
2026-01-20 12:39:27 - __main__ - INFO - Epoch 2 | Batch 130/719 (18.1%) | Loss: 5.6543
2026-01-20 12:40:05 - __main__ - INFO - Epoch 2 | Batch 140/719 (19.5%) | Loss: 5.6498
2026-01-20 12:40:49 - __main__ - INFO - Epoch 2 | Batch 150/719 (20.9%) | Loss: 5.6362
2026-01-20 12:41:31 - __main__ - INFO - Epoch 2 | Batch 160/719 (22.3%) | Loss: 5.6384
2026-01-20 12:42:16 - __main__ - INFO - Epoch 2 | Batch 170/719 (23.6%) | Loss: 5.6262
2026-01-20 12:42:59 - __main__ - INFO - Epoch 2 | Batch 180/719 (25.0%) | Loss: 5.6466
2026-01-20 12:43:48 - __main__ - INFO - Epoch 2 | Batch 190/719 (26.4%) | Loss: 5.6451
2026-01-20 12:44:30 - __main__ - INFO - Epoch 2 | Batch 200/719 (27.8%) | Loss: 5.6389
2026-01-20 12:44:35 - __main__ - INFO - Unique codes in this batch: 320
2026-01-20 12:45:03 - __main__ - INFO - Epoch 2 | Batch 210/719 (29.2%) | Loss: 5.6492
2026-01-20 12:45:43 - __main__ - INFO - Epoch 2 | Batch 220/719 (30.6%) | Loss: 5.6387
2026-01-20 12:46:19 - __main__ - INFO - Epoch 2 | Batch 230/719 (32.0%) | Loss: 5.6446
2026-01-20 12:47:05 - __main__ - INFO - Epoch 2 | Batch 240/719 (33.4%) | Loss: 5.6275
2026-01-20 12:47:49 - __main__ - INFO - Epoch 2 | Batch 250/719 (34.8%) | Loss: 5.6481
2026-01-20 12:48:33 - __main__ - INFO - Epoch 2 | Batch 260/719 (36.2%) | Loss: 5.6415
2026-01-20 12:49:12 - __main__ - INFO - Epoch 2 | Batch 270/719 (37.6%) | Loss: 5.6281
2026-01-20 12:49:49 - __main__ - INFO - Epoch 2 | Batch 280/719 (38.9%) | Loss: 5.6548
2026-01-20 12:50:20 - __main__ - INFO - Epoch 2 | Batch 290/719 (40.3%) | Loss: 5.6268
2026-01-20 12:51:01 - __main__ - INFO - Epoch 2 | Batch 300/719 (41.7%) | Loss: 5.6391
2026-01-20 12:51:05 - __main__ - INFO - Unique codes in this batch: 320
2026-01-20 12:51:48 - __main__ - INFO - Epoch 2 | Batch 310/719 (43.1%) | Loss: 5.6384
2026-01-20 12:52:38 - __main__ - INFO - Epoch 2 | Batch 320/719 (44.5%) | Loss: 5.6341
2026-01-20 12:53:22 - __main__ - INFO - Epoch 2 | Batch 330/719 (45.9%) | Loss: 5.6306
2026-01-20 12:54:04 - __main__ - INFO - Epoch 2 | Batch 340/719 (47.3%) | Loss: 5.6289
2026-01-20 12:54:37 - __main__ - INFO - Epoch 2 | Batch 350/719 (48.7%) | Loss: 5.6267
2026-01-20 12:55:09 - __main__ - INFO - Epoch 2 | Batch 360/719 (50.1%) | Loss: 5.6269
2026-01-20 12:55:48 - __main__ - INFO - Epoch 2 | Batch 370/719 (51.5%) | Loss: 5.6216
2026-01-20 12:56:28 - __main__ - INFO - Epoch 2 | Batch 380/719 (52.9%) | Loss: 5.6253
2026-01-20 12:57:12 - __main__ - INFO - Epoch 2 | Batch 390/719 (54.2%) | Loss: 5.6184
2026-01-20 12:58:14 - __main__ - INFO - Epoch 2 | Batch 400/719 (55.6%) | Loss: 5.6416
2026-01-20 12:58:19 - __main__ - INFO - Unique codes in this batch: 320
2026-01-20 12:59:15 - __main__ - INFO - Epoch 2 | Batch 410/719 (57.0%) | Loss: 5.6434
2026-01-20 13:00:15 - __main__ - INFO - Epoch 2 | Batch 420/719 (58.4%) | Loss: 5.6648
2026-01-20 13:01:14 - __main__ - INFO - Epoch 2 | Batch 430/719 (59.8%) | Loss: 5.6400
2026-01-20 13:02:22 - __main__ - INFO - Epoch 2 | Batch 440/719 (61.2%) | Loss: 5.6453
2026-01-20 13:03:33 - __main__ - INFO - Epoch 2 | Batch 450/719 (62.6%) | Loss: 5.6487
2026-01-20 13:04:45 - __main__ - INFO - Epoch 2 | Batch 460/719 (64.0%) | Loss: 5.6229
2026-01-20 13:05:51 - __main__ - INFO - Epoch 2 | Batch 470/719 (65.4%) | Loss: 5.6480
2026-01-20 13:06:44 - __main__ - INFO - Epoch 2 | Batch 480/719 (66.8%) | Loss: 5.6294
2026-01-20 13:07:46 - __main__ - INFO - Epoch 2 | Batch 490/719 (68.2%) | Loss: 5.6257
2026-01-20 13:08:51 - __main__ - INFO - Epoch 2 | Batch 500/719 (69.5%) | Loss: 5.6157
2026-01-20 13:08:55 - __main__ - INFO - Unique codes in this batch: 320
2026-01-20 13:09:51 - __main__ - INFO - Epoch 2 | Batch 510/719 (70.9%) | Loss: 5.6326
2026-01-20 13:10:42 - __main__ - INFO - Epoch 2 | Batch 520/719 (72.3%) | Loss: 5.6501
2026-01-20 13:11:56 - __main__ - INFO - Epoch 2 | Batch 530/719 (73.7%) | Loss: 5.6250
2026-01-20 13:12:53 - __main__ - INFO - Epoch 2 | Batch 540/719 (75.1%) | Loss: 5.6404
2026-01-20 13:13:53 - __main__ - INFO - Epoch 2 | Batch 550/719 (76.5%) | Loss: 5.6244
2026-01-20 13:14:43 - __main__ - INFO - Epoch 2 | Batch 560/719 (77.9%) | Loss: 5.6330
2026-01-20 13:15:42 - __main__ - INFO - Epoch 2 | Batch 570/719 (79.3%) | Loss: 5.6342
2026-01-20 13:16:37 - __main__ - INFO - Epoch 2 | Batch 580/719 (80.7%) | Loss: 5.6231
2026-01-20 13:17:30 - __main__ - INFO - Epoch 2 | Batch 590/719 (82.1%) | Loss: 5.6231
2026-01-20 13:18:22 - __main__ - INFO - Epoch 2 | Batch 600/719 (83.4%) | Loss: 5.6261
2026-01-20 13:18:26 - __main__ - INFO - Unique codes in this batch: 320
2026-01-20 13:19:11 - __main__ - INFO - Epoch 2 | Batch 610/719 (84.8%) | Loss: 5.6397
2026-01-20 13:20:10 - __main__ - INFO - Epoch 2 | Batch 620/719 (86.2%) | Loss: 5.6308
2026-01-20 13:21:12 - __main__ - INFO - Epoch 2 | Batch 630/719 (87.6%) | Loss: 5.6373
2026-01-20 13:22:16 - __main__ - INFO - Epoch 2 | Batch 640/719 (89.0%) | Loss: 5.6168
2026-01-20 13:23:09 - __main__ - INFO - Epoch 2 | Batch 650/719 (90.4%) | Loss: 5.6395
2026-01-20 13:24:04 - __main__ - INFO - Epoch 2 | Batch 660/719 (91.8%) | Loss: 5.6437
2026-01-20 13:25:00 - __main__ - INFO - Epoch 2 | Batch 670/719 (93.2%) | Loss: 5.6264
2026-01-20 13:25:44 - __main__ - INFO - Epoch 2 | Batch 680/719 (94.6%) | Loss: 5.6437
2026-01-20 13:26:30 - __main__ - INFO - Epoch 2 | Batch 690/719 (96.0%) | Loss: 5.6390
2026-01-20 13:27:18 - __main__ - INFO - Epoch 2 | Batch 700/719 (97.4%) | Loss: 5.6278
2026-01-20 13:27:22 - __main__ - INFO - Unique codes in this batch: 320
2026-01-20 13:28:11 - __main__ - INFO - Epoch 2 | Batch 710/719 (98.7%) | Loss: 5.6357
2026-01-20 13:29:02 - __main__ - INFO - Epoch 2 Summary | Avg Loss: 5.6375
2026-01-20 13:29:09 - __main__ - INFO - Unique codes in this batch: 320
2026-01-20 13:30:00 - __main__ - INFO - Epoch 3 | Batch 10/719 (1.4%) | Loss: 5.6297
2026-01-20 13:30:55 - __main__ - INFO - Epoch 3 | Batch 20/719 (2.8%) | Loss: 5.6324
2026-01-20 13:31:45 - __main__ - INFO - Epoch 3 | Batch 30/719 (4.2%) | Loss: 5.6364
2026-01-20 13:32:33 - __main__ - INFO - Epoch 3 | Batch 40/719 (5.6%) | Loss: 5.6335
2026-01-20 13:33:30 - __main__ - INFO - Epoch 3 | Batch 50/719 (7.0%) | Loss: 5.6148
2026-01-20 13:34:20 - __main__ - INFO - Epoch 3 | Batch 60/719 (8.3%) | Loss: 5.6215
2026-01-20 13:35:06 - __main__ - INFO - Epoch 3 | Batch 70/719 (9.7%) | Loss: 5.6314
2026-01-20 13:35:55 - __main__ - INFO - Epoch 3 | Batch 80/719 (11.1%) | Loss: 5.6207
2026-01-20 13:36:49 - __main__ - INFO - Epoch 3 | Batch 90/719 (12.5%) | Loss: 5.6157
2026-01-20 13:37:43 - __main__ - INFO - Epoch 3 | Batch 100/719 (13.9%) | Loss: 5.6313
2026-01-20 13:37:48 - __main__ - INFO - Unique codes in this batch: 320
2026-01-20 13:38:33 - __main__ - INFO - Epoch 3 | Batch 110/719 (15.3%) | Loss: 5.6278
2026-01-20 13:39:32 - __main__ - INFO - Epoch 3 | Batch 120/719 (16.7%) | Loss: 5.6482
2026-01-20 13:40:20 - __main__ - INFO - Epoch 3 | Batch 130/719 (18.1%) | Loss: 5.6235
2026-01-20 13:41:17 - __main__ - INFO - Epoch 3 | Batch 140/719 (19.5%) | Loss: 5.6265
2026-01-20 13:42:15 - __main__ - INFO - Epoch 3 | Batch 150/719 (20.9%) | Loss: 5.6165
2026-01-20 13:43:08 - __main__ - INFO - Epoch 3 | Batch 160/719 (22.3%) | Loss: 5.6196
2026-01-20 13:44:16 - __main__ - INFO - Epoch 3 | Batch 170/719 (23.6%) | Loss: 5.6252
2026-01-20 13:45:03 - __main__ - INFO - Epoch 3 | Batch 180/719 (25.0%) | Loss: 5.6281
2026-01-20 13:46:19 - __main__ - INFO - Epoch 3 | Batch 190/719 (26.4%) | Loss: 5.6404
2026-01-20 13:47:21 - __main__ - INFO - Epoch 3 | Batch 200/719 (27.8%) | Loss: 5.6125
2026-01-20 13:47:25 - __main__ - INFO - Unique codes in this batch: 320
2026-01-20 13:48:24 - __main__ - INFO - Epoch 3 | Batch 210/719 (29.2%) | Loss: 5.6254
2026-01-20 13:49:23 - __main__ - INFO - Epoch 3 | Batch 220/719 (30.6%) | Loss: 5.6501
2026-01-20 13:50:26 - __main__ - INFO - Epoch 3 | Batch 230/719 (32.0%) | Loss: 5.6208
2026-01-20 13:51:30 - __main__ - INFO - Epoch 3 | Batch 240/719 (33.4%) | Loss: 5.6449
2026-01-20 13:52:33 - __main__ - INFO - Epoch 3 | Batch 250/719 (34.8%) | Loss: 5.6074
2026-01-20 13:53:23 - __main__ - INFO - Epoch 3 | Batch 260/719 (36.2%) | Loss: 5.6293
2026-01-20 13:54:29 - __main__ - INFO - Epoch 3 | Batch 270/719 (37.6%) | Loss: 5.6255
2026-01-20 13:55:28 - __main__ - INFO - Epoch 3 | Batch 280/719 (38.9%) | Loss: 5.6471
2026-01-20 13:56:35 - __main__ - INFO - Epoch 3 | Batch 290/719 (40.3%) | Loss: 5.6272
2026-01-20 13:57:35 - __main__ - INFO - Epoch 3 | Batch 300/719 (41.7%) | Loss: 5.6304
2026-01-20 13:57:41 - __main__ - INFO - Unique codes in this batch: 320
2026-01-20 13:58:35 - __main__ - INFO - Epoch 3 | Batch 310/719 (43.1%) | Loss: 5.6192
2026-01-20 13:59:31 - __main__ - INFO - Epoch 3 | Batch 320/719 (44.5%) | Loss: 5.6330
2026-01-20 14:00:34 - __main__ - INFO - Epoch 3 | Batch 330/719 (45.9%) | Loss: 5.6242
2026-01-20 14:01:40 - __main__ - INFO - Epoch 3 | Batch 340/719 (47.3%) | Loss: 5.6330
2026-01-20 14:02:46 - __main__ - INFO - Epoch 3 | Batch 350/719 (48.7%) | Loss: 5.6303
2026-01-20 14:04:07 - __main__ - INFO - Epoch 3 | Batch 360/719 (50.1%) | Loss: 5.6179
2026-01-20 14:05:17 - __main__ - INFO - Epoch 3 | Batch 370/719 (51.5%) | Loss: 5.6287
2026-01-20 14:06:18 - __main__ - INFO - Epoch 3 | Batch 380/719 (52.9%) | Loss: 5.6279
2026-01-20 14:07:29 - __main__ - INFO - Epoch 3 | Batch 390/719 (54.2%) | Loss: 5.6371
2026-01-20 14:08:40 - __main__ - INFO - Epoch 3 | Batch 400/719 (55.6%) | Loss: 5.6112
2026-01-20 14:08:49 - __main__ - INFO - Unique codes in this batch: 320
2026-01-20 14:09:52 - __main__ - INFO - Epoch 3 | Batch 410/719 (57.0%) | Loss: 5.6292
2026-01-20 14:11:00 - __main__ - INFO - Epoch 3 | Batch 420/719 (58.4%) | Loss: 5.6252
2026-01-20 14:12:03 - __main__ - INFO - Epoch 3 | Batch 430/719 (59.8%) | Loss: 5.6246
2026-01-20 14:13:11 - __main__ - INFO - Epoch 3 | Batch 440/719 (61.2%) | Loss: 5.5996
2026-01-20 14:14:14 - __main__ - INFO - Epoch 3 | Batch 450/719 (62.6%) | Loss: 5.6208
2026-01-20 14:15:28 - __main__ - INFO - Epoch 3 | Batch 460/719 (64.0%) | Loss: 5.6259
2026-01-20 14:16:35 - __main__ - INFO - Epoch 3 | Batch 470/719 (65.4%) | Loss: 5.6389
2026-01-20 14:17:53 - __main__ - INFO - Epoch 3 | Batch 480/719 (66.8%) | Loss: 5.6169
2026-01-20 14:19:03 - __main__ - INFO - Epoch 3 | Batch 490/719 (68.2%) | Loss: 5.6171
2026-01-20 14:20:00 - __main__ - INFO - Epoch 3 | Batch 500/719 (69.5%) | Loss: 5.6254
2026-01-20 14:20:05 - __main__ - INFO - Unique codes in this batch: 320
2026-01-20 14:21:00 - __main__ - INFO - Epoch 3 | Batch 510/719 (70.9%) | Loss: 5.6101
2026-01-20 14:22:01 - __main__ - INFO - Epoch 3 | Batch 520/719 (72.3%) | Loss: 5.6245
2026-01-20 14:23:00 - __main__ - INFO - Epoch 3 | Batch 530/719 (73.7%) | Loss: 5.6303
2026-01-20 14:24:08 - __main__ - INFO - Epoch 3 | Batch 540/719 (75.1%) | Loss: 5.6412
2026-01-20 14:25:14 - __main__ - INFO - Epoch 3 | Batch 550/719 (76.5%) | Loss: 5.6265
2026-01-20 14:26:05 - __main__ - INFO - Epoch 3 | Batch 560/719 (77.9%) | Loss: 5.6229
2026-01-20 14:27:08 - __main__ - INFO - Epoch 3 | Batch 570/719 (79.3%) | Loss: 5.6272
2026-01-20 14:28:10 - __main__ - INFO - Epoch 3 | Batch 580/719 (80.7%) | Loss: 5.6345
2026-01-20 14:29:17 - __main__ - INFO - Epoch 3 | Batch 590/719 (82.1%) | Loss: 5.6398
2026-01-20 14:30:17 - __main__ - INFO - Epoch 3 | Batch 600/719 (83.4%) | Loss: 5.6216
2026-01-20 14:30:22 - __main__ - INFO - Unique codes in this batch: 320
2026-01-20 14:31:29 - __main__ - INFO - Epoch 3 | Batch 610/719 (84.8%) | Loss: 5.6182
2026-01-20 14:32:35 - __main__ - INFO - Epoch 3 | Batch 620/719 (86.2%) | Loss: 5.6237
2026-01-20 14:33:45 - __main__ - INFO - Epoch 3 | Batch 630/719 (87.6%) | Loss: 5.6231
2026-01-20 14:35:08 - __main__ - INFO - Epoch 3 | Batch 640/719 (89.0%) | Loss: 5.6484
2026-01-20 14:36:19 - __main__ - INFO - Epoch 3 | Batch 650/719 (90.4%) | Loss: 5.6195
2026-01-20 14:37:15 - __main__ - INFO - Epoch 3 | Batch 660/719 (91.8%) | Loss: 5.6232
2026-01-20 14:38:24 - __main__ - INFO - Epoch 3 | Batch 670/719 (93.2%) | Loss: 5.6304
2026-01-20 14:39:29 - __main__ - INFO - Epoch 3 | Batch 680/719 (94.6%) | Loss: 5.6345
2026-01-20 14:40:31 - __main__ - INFO - Epoch 3 | Batch 690/719 (96.0%) | Loss: 5.6105
2026-01-20 14:41:32 - __main__ - INFO - Epoch 3 | Batch 700/719 (97.4%) | Loss: 5.6237
2026-01-20 14:41:40 - __main__ - INFO - Unique codes in this batch: 320
