Data root: /mnt/lv2/data/ad/NCMMSC2021_AD
Model: /home/sunqi/models/wavlm-base
Output dir: new/results_ncmmsc_auto_search/mask_pathology_binary_1_20260208_214609
Mask strategy: pathology
Collected 187 samples from NCMMSC long/train
Split by subject: train=157 samples, val=30 samples
Using pathology weights from new/results_pathology_weight_search_ncmm/best_logits.pt
Using masker: mask_prob=0.4, pathology_ratio=0.9, pathology_threshold=85.0, aug_prob=1.0
LR schedule: cosine (total_steps=800, warmup=80)
Training with AMP (autocast + GradScaler)
Epoch 1 TRAIN | loss=0.6958, acc=0.4777
VALIDATION | acc=0.6000
New best val_acc=0.6000 at epoch 1, saved to new/results_ncmmsc_auto_search/mask_pathology_binary_1_20260208_214609/best_model.pt
Epoch 2 TRAIN | loss=0.6455, acc=0.7134
VALIDATION | acc=0.1667
Epoch 3 TRAIN | loss=0.5226, acc=0.8217
VALIDATION | acc=0.3000
Epoch 4 TRAIN | loss=0.5020, acc=0.7707
VALIDATION | acc=0.1667
Epoch 5 TRAIN | loss=0.3445, acc=0.8662
VALIDATION | acc=0.8000
New best val_acc=0.8000 at epoch 5, saved to new/results_ncmmsc_auto_search/mask_pathology_binary_1_20260208_214609/best_model.pt
Epoch 6 TRAIN | loss=0.3722, acc=0.8917
VALIDATION | acc=0.7667
Epoch 7 TRAIN | loss=0.3306, acc=0.9172
VALIDATION | acc=0.8667
New best val_acc=0.8667 at epoch 7, saved to new/results_ncmmsc_auto_search/mask_pathology_binary_1_20260208_214609/best_model.pt
Epoch 8 TRAIN | loss=0.2693, acc=0.9299
VALIDATION | acc=0.8667
Epoch 9 TRAIN | loss=0.2786, acc=0.9363
VALIDATION | acc=0.8667
Epoch 10 TRAIN | loss=0.2704, acc=0.9363
VALIDATION | acc=0.7667
Epoch 11 TRAIN | loss=0.2452, acc=0.9363
VALIDATION | acc=0.9000
New best val_acc=0.9000 at epoch 11, saved to new/results_ncmmsc_auto_search/mask_pathology_binary_1_20260208_214609/best_model.pt
Epoch 12 TRAIN | loss=0.2541, acc=0.9490
VALIDATION | acc=0.8667
Epoch 13 TRAIN | loss=0.1007, acc=0.9745
VALIDATION | acc=0.8333
Epoch 14 TRAIN | loss=0.1448, acc=0.9682
VALIDATION | acc=0.9000
Epoch 15 TRAIN | loss=0.0690, acc=0.9873
VALIDATION | acc=0.9000
Epoch 16 TRAIN | loss=0.1370, acc=0.9682
VALIDATION | acc=0.8667
Epoch 17 TRAIN | loss=0.0693, acc=0.9873
VALIDATION | acc=0.8667
Epoch 18 TRAIN | loss=0.0805, acc=0.9809
VALIDATION | acc=0.8667
Epoch 19 TRAIN | loss=0.0262, acc=0.9936
VALIDATION | acc=0.9000
Epoch 20 TRAIN | loss=0.0519, acc=0.9873
VALIDATION | acc=0.9000
Done. Best val_acc=0.9000
Results saved under new/results_ncmmsc_auto_search/mask_pathology_binary_1_20260208_214609
