Data root: /mnt/lv2/data/ad/ADReSS
Model: /home/sunqi/models/wavlm-base
Output dir: /home/sunqi/pd/new/results_adress_auto/mask_pathology_binary_1_20260208_151547
Mask strategy: pathology
Collected 108 samples from ADReSS train (cc=True, cd=True)
Split by subject: train=86 samples, val=22 samples
Using masker: mask_prob=0.4, pathology_ratio=0.9, pathology_threshold=85.0, aug_prob=1.0
LR schedule: cosine (total_steps=440, warmup=44)
Training with AMP (autocast + GradScaler)
Epoch 1 TRAIN | loss=0.6927, acc=0.4651
VALIDATION | acc=0.5000
New best val_acc=0.5000 at epoch 1, saved to /home/sunqi/pd/new/results_adress_auto/mask_pathology_binary_1_20260208_151547/best_model.pt
Epoch 2 TRAIN | loss=0.6943, acc=0.5465
VALIDATION | acc=0.5455
New best val_acc=0.5455 at epoch 2, saved to /home/sunqi/pd/new/results_adress_auto/mask_pathology_binary_1_20260208_151547/best_model.pt
Epoch 3 TRAIN | loss=0.6950, acc=0.5116
VALIDATION | acc=0.2727
Epoch 4 TRAIN | loss=0.6834, acc=0.5465
VALIDATION | acc=0.5455
Epoch 5 TRAIN | loss=0.6851, acc=0.5814
VALIDATION | acc=0.7273
New best val_acc=0.7273 at epoch 5, saved to /home/sunqi/pd/new/results_adress_auto/mask_pathology_binary_1_20260208_151547/best_model.pt
Epoch 6 TRAIN | loss=0.6799, acc=0.5465
VALIDATION | acc=0.6818
Epoch 7 TRAIN | loss=0.6859, acc=0.5233
VALIDATION | acc=0.5455
Epoch 8 TRAIN | loss=0.6693, acc=0.6163
VALIDATION | acc=0.5909
Epoch 9 TRAIN | loss=0.6050, acc=0.7442
VALIDATION | acc=0.5909
Epoch 10 TRAIN | loss=0.6262, acc=0.6279
VALIDATION | acc=0.5000
Epoch 11 TRAIN | loss=0.5722, acc=0.7326
VALIDATION | acc=0.5455
Epoch 12 TRAIN | loss=0.4917, acc=0.8023
VALIDATION | acc=0.5455
Epoch 13 TRAIN | loss=0.4914, acc=0.7791
VALIDATION | acc=0.5000
Epoch 14 TRAIN | loss=0.4385, acc=0.8488
VALIDATION | acc=0.5000
Epoch 15 TRAIN | loss=0.4506, acc=0.8256
VALIDATION | acc=0.5455
Epoch 16 TRAIN | loss=0.3183, acc=0.8953
VALIDATION | acc=0.5000
Epoch 17 TRAIN | loss=0.3972, acc=0.8721
VALIDATION | acc=0.5000
Epoch 18 TRAIN | loss=0.4000, acc=0.8605
VALIDATION | acc=0.5000
Epoch 19 TRAIN | loss=0.3611, acc=0.8837
VALIDATION | acc=0.5000
Epoch 20 TRAIN | loss=0.3505, acc=0.8721
VALIDATION | acc=0.5000
Done. Best val_acc=0.7273
Results saved under /home/sunqi/pd/new/results_adress_auto/mask_pathology_binary_1_20260208_151547
